[12:59:35] [INIT] KubeJS 2101.7.1-build.181; MC 2101 NeoForge
[12:59:35] [INIT] Loaded plugins:
[12:59:35] [INIT] - dev.latvian.mods.kubejs.BuiltinKubeJSPlugin
[12:59:35] [INIT] - dev.latvian.mods.kubejs.client.BuiltinKubeJSClientPlugin
[12:59:35] [INIT] - dev.latvian.mods.kubejs.integration.architectury.ArchitecturyIntegration
[12:59:35] [INIT] - thedarkcolour.exdeorum.compat.kubejs.ExDeorumKubeJsPlugin
[12:59:35] [INIT] - com.lowdragmc.lowdraglib.kjs.LDLibKubeJSPlugin
[12:59:35] [INIT] - com.almostreliable.morejs.Plugin
[12:59:35] [INIT] - es.degrassi.mmreborn.common.integration.kubejs.MMRKubeJSPlugin
[12:59:35] [INIT] - fr.frinn.custommachinery.common.integration.kubejs.CustomMachineryKubeJSPlugin
[12:59:35] [INIT] - dev.ftb.mods.ftbxmodcompat.neoforge.ftbquests.kubejs.FTBQuestsKubeJSPlugin
[12:59:35] [INIT] - dev.ftb.mods.ftbxmodcompat.neoforge.ftbchunks.kubejs.FTBChunksKubeJSPlugin
[12:59:35] [INIT] - dev.ftb.mods.ftbxmodcompat.neoforge.ftbteams.kubejs.FTBTeamsKubeJSPlugin
[12:59:35] [INIT] - com.almostreliable.kubeaa.KubePlugin
[12:59:35] [INIT] - dev.latvian.mods.kubejs.mekanism.MekanismKubeJSPlugin
[12:59:35] [INIT] - es.degrassi.mmreborn.mekanism.common.integration.kubejs.MMRKubeJSPlugin
[12:59:35] [INIT] - com.gregtechceu.gtceu.integration.kjs.GTKubeJSPlugin
[12:59:35] [INIT] - com.almostreliable.kubeio.KubePlugin
[12:59:35] [INIT] - com.glodblock.github.extendedae.xmod.kjs.KJSPlugin
[12:59:35] [INIT] - fr.frinn.custommachinerymekanism.common.integration.kubejs.CustomMachineryMekanismKubeJSPlugin
[12:59:35] [INFO] Loaded 0/0 KubeJS client scripts in 0.015 s with 0 errors and 0 warnings
[12:59:49] [INFO] Client resource reload complete!
