[12:59:37.116] [INFO]: Loading config 'startup.json'.
[12:59:49.640] [INFO]: Loaded plugins: almostunified:common, almostunified:neoforge
[13:00:15.202] [WARN]: Reload detected. Reconstructing runtime.
[13:00:15.203] [INFO]: Loading config 'debug.json'.
[13:00:15.206] [INFO]: Loading config 'placeholders.json'.
[13:00:15.209] [INFO]: Loading config 'tags.json'.
[13:00:15.221] [WARN]: The following mods are used in unification settings, but are not loaded: [modern_industrialization]
[13:00:15.240] [ERROR]: Unification entry for item 'eternalores:gear_lead' with tag '#c:gears/lead' is already part of tag '#c:gears/osmium'.
[13:00:15.241] [ERROR]: Unification entry for item 'eternalores:cobalt_dust' with tag '#c:dusts/cobalt' is already part of tag '#c:dusts/constantan'.
[13:00:15.251] [INFO]: [AutoHiding] Hiding 2/3 items for tag '#c:plates/iron' -> [gtceu:iron_plate, eternalores:plate_iron]
[13:00:15.251] [INFO]: [AutoHiding] Hiding 4/5 items for tag '#c:ingots/lead' -> [gtceu:lead_ingot, mekanism:ingot_lead, eternalores:lead_ingot, just_bees:lead_ingot]
[13:00:15.251] [INFO]: [AutoHiding] Hiding 2/3 items for tag '#c:storage_blocks/osmium' -> [eternalores:osmium_block, gtceu:osmium_block]
[13:00:15.251] [INFO]: [AutoHiding] Hiding 3/4 items for tag '#c:raw_materials/lead' -> [mekanism:raw_lead, eternalores:raw_lead, gtceu:raw_lead]
[13:00:15.251] [INFO]: [AutoHiding] Hiding 2/3 items for tag '#c:dusts/osmium' -> [gtceu:osmium_dust, eternalores:osmium_dust]
[13:00:15.251] [INFO]: [AutoHiding] Hiding 2/3 items for tag '#c:storage_blocks/raw_tin' -> [gtceu:raw_tin_block, eternalores:raw_tin_block]
[13:00:15.252] [INFO]: [AutoHiding] Hiding 10/17 items for tag '#c:ores/diamond' -> [gtceu:basalt_diamond_ore, gtceu:deepslate_diamond_ore, gtceu:sand_diamond_ore, gtceu:tuff_diamond_ore, gtceu:diamond_ore, gtceu:gravel_diamond_ore, gtceu:endstone_diamond_ore, gtceu:marble_diamond_ore, gtceu:blackstone_diamond_ore, gtceu:red_sand_diamond_ore]
[13:00:15.252] [INFO]: [AutoHiding] Hiding 2/3 items for tag '#c:nuggets/uranium' -> [mekanism:nugget_uranium, eternalores:uranium_nugget]
[13:00:15.252] [INFO]: [AutoHiding] Hiding 2/3 items for tag '#c:nuggets/nickel' -> [gtceu:nickel_nugget, eternalores:nickel_nugget]
[13:00:15.253] [INFO]: [AutoHiding] Hiding 10/17 items for tag '#c:ores/copper' -> [gtceu:copper_ore, gtceu:blackstone_copper_ore, gtceu:basalt_copper_ore, gtceu:gravel_copper_ore, gtceu:deepslate_copper_ore, gtceu:sand_copper_ore, gtceu:tuff_copper_ore, gtceu:endstone_copper_ore, gtceu:marble_copper_ore, gtceu:red_sand_copper_ore]
[13:00:15.253] [INFO]: [AutoHiding] Hiding 1/2 items for tag '#c:rods/netherite' -> [eternalores:rod_netherite]
[13:00:15.253] [INFO]: [AutoHiding] Hiding 2/4 items for tag '#c:ores/aluminum' -> [eternalores:aluminum_ore_block, eternalores:deepslate_aluminum_ore_block]
[13:00:15.253] [INFO]: [AutoHiding] Hiding 3/4 items for tag '#c:storage_blocks/raw_lead' -> [eternalores:raw_lead_block, mekanism:block_raw_lead, gtceu:raw_lead_block]
[13:00:15.254] [INFO]: [AutoHiding] Hiding 5/6 items for tag '#c:ingots/steel' -> [gtceu:steel_ingot, mekanism:ingot_steel, eternalores:steel_ingot, mffs:steel_ingot, just_bees:steel_ingot]
[13:00:15.254] [INFO]: [AutoHiding] Hiding 3/4 items for tag '#c:ingots/silver' -> [just_bees:silver_ingot, gtceu:silver_ingot, eternalores:silver_ingot]
[13:00:15.254] [INFO]: [AutoHiding] Hiding 10/17 items for tag '#c:ores/iron' -> [gtceu:basalt_iron_ore, gtceu:deepslate_iron_ore, gtceu:marble_iron_ore, gtceu:blackstone_iron_ore, gtceu:gravel_iron_ore, gtceu:sand_iron_ore, gtceu:iron_ore, gtceu:red_sand_iron_ore, gtceu:endstone_iron_ore, gtceu:tuff_iron_ore]
[13:00:15.254] [INFO]: [AutoHiding] Hiding 2/3 items for tag '#c:nuggets/tin' -> [gtceu:tin_nugget, eternalores:tin_nugget]
[13:00:15.254] [INFO]: [AutoHiding] Hiding 4/5 items for tag '#c:dusts/iron' -> [mekanism:dust_iron, gtceu:iron_dust, eternalores:iron_dust, enderio:powdered_iron]
[13:00:15.254] [INFO]: [AutoHiding] Hiding 2/3 items for tag '#c:nuggets/electrum' -> [eternalores:electrum_nugget, gtceu:electrum_nugget]
[13:00:15.255] [INFO]: [AutoHiding] Hiding 4/5 items for tag '#c:ingots/uranium' -> [eternalores:uranium_ingot, bigreactors:yellorium_ingot, just_bees:uranium_ingot, mekanism:ingot_uranium]
[13:00:15.255] [INFO]: [AutoHiding] Hiding 3/4 items for tag '#c:dusts/steel' -> [mekanism:dust_steel, eternalores:steel_dust, gtceu:steel_dust]
[13:00:15.255] [INFO]: [AutoHiding] Hiding 2/3 items for tag '#c:storage_blocks/uranium' -> [eternalores:uranium_block, mekanism:block_uranium]
[13:00:15.255] [INFO]: [AutoHiding] Hiding 1/2 items for tag '#c:dusts/constantan' -> [eternalores:cobalt_dust]
[13:00:15.255] [INFO]: [AutoHiding] Hiding 2/3 items for tag '#c:plates/steel' -> [eternalores:plate_steel, gtceu:steel_plate]
[13:00:15.255] [INFO]: [AutoHiding] Hiding 2/3 items for tag '#c:plates/copper' -> [gtceu:copper_plate, eternalores:plate_copper]
[13:00:15.255] [INFO]: [AutoHiding] Hiding 2/3 items for tag '#c:dusts/silver' -> [eternalores:silver_dust, gtceu:silver_dust]
[13:00:15.256] [INFO]: [AutoHiding] Hiding 10/17 items for tag '#c:ores/lapis' -> [gtceu:blackstone_lapis_ore, gtceu:basalt_lapis_ore, gtceu:gravel_lapis_ore, gtceu:red_sand_lapis_ore, gtceu:deepslate_lapis_ore, gtceu:sand_lapis_ore, gtceu:endstone_lapis_ore, gtceu:tuff_lapis_ore, gtceu:lapis_ore, gtceu:marble_lapis_ore]
[13:00:15.256] [INFO]: [AutoHiding] Hiding 2/3 items for tag '#c:storage_blocks/nickel' -> [gtceu:nickel_block, eternalores:nickel_block]
[13:00:15.256] [INFO]: [AutoHiding] Hiding 3/4 items for tag '#c:ingots/tin' -> [just_bees:tin_ingot, gtceu:tin_ingot, eternalores:tin_ingot]
[13:00:15.256] [INFO]: [AutoHiding] Hiding 2/3 items for tag '#c:nuggets/bronze' -> [gtceu:bronze_nugget, eternalores:bronze_nugget]
[13:00:15.256] [INFO]: [AutoHiding] Hiding 1/2 items for tag '#c:raw_materials/aluminum' -> [eternalores:raw_aluminum]
[13:00:15.256] [INFO]: [AutoHiding] Hiding 3/4 items for tag '#c:nuggets/copper' -> [gtceu:copper_nugget, eternalores:copper_nugget, pneumaticcraft:copper_nugget]
[13:00:15.257] [INFO]: [AutoHiding] Hiding 12/19 items for tag '#c:ores/nickel' -> [gtceu:endstone_nickel_ore, gtceu:deepslate_nickel_ore, gtceu:red_sand_nickel_ore, gtceu:sand_nickel_ore, gtceu:basalt_nickel_ore, gtceu:nickel_ore, gtceu:marble_nickel_ore, gtceu:tuff_nickel_ore, eternalores:deepslate_nickel_ore_block, eternalores:nickel_ore_block, gtceu:blackstone_nickel_ore, gtceu:gravel_nickel_ore]
[13:00:15.257] [INFO]: [AutoHiding] Hiding 2/3 items for tag '#c:raw_materials/uranium' -> [eternalores:raw_uranium, mekanism:raw_uranium]
[13:00:15.257] [INFO]: [AutoHiding] Hiding 3/4 items for tag '#c:dusts/diamond' -> [appflux:diamond_dust, eternalores:diamond_dust, gtceu:diamond_dust]
[13:00:15.257] [INFO]: [AutoHiding] Hiding 2/3 items for tag '#c:ingots/aluminum' -> [just_bees:aluminum_ingot, eternalores:aluminum_ingot]
[13:00:15.257] [INFO]: [AutoHiding] Hiding 2/3 items for tag '#c:plates/lead' -> [eternalores:plate_lead, gtceu:lead_plate]
[13:00:15.258] [INFO]: [AutoHiding] Hiding 4/5 items for tag '#c:dusts/gold' -> [mekanism:dust_gold, gtceu:gold_dust, eternalores:gold_dust, enderio:powdered_gold]
[13:00:15.258] [INFO]: [AutoHiding] Hiding 1/2 items for tag '#c:nuggets/constantan' -> [eternalores:constantan_nugget]
[13:00:15.258] [INFO]: [AutoHiding] Hiding 14/21 items for tag '#c:ores/lead' -> [gtceu:deepslate_lead_ore, gtceu:tuff_lead_ore, gtceu:red_sand_lead_ore, mekanism:lead_ore, gtceu:basalt_lead_ore, gtceu:lead_ore, gtceu:endstone_lead_ore, gtceu:gravel_lead_ore, eternalores:deepslate_lead_ore_block, eternalores:lead_ore_block, gtceu:sand_lead_ore, gtceu:marble_lead_ore, gtceu:blackstone_lead_ore, mekanism:deepslate_lead_ore]
[13:00:15.258] [INFO]: [AutoHiding] Hiding 3/4 items for tag '#c:ingots/electrum' -> [just_bees:electrum_ingot, eternalores:electrum_ingot, gtceu:electrum_ingot]
[13:00:15.258] [INFO]: [AutoHiding] Hiding 2/3 items for tag '#c:dusts/uranium' -> [eternalores:uranium_dust, mekanism:dust_uranium]
[13:00:15.259] [INFO]: [AutoHiding] Hiding 3/4 items for tag '#c:dusts/emerald' -> [gtceu:emerald_dust, appflux:emerald_dust, eternalores:emerald_dust]
[13:00:15.259] [INFO]: [AutoHiding] Hiding 1/2 items for tag '#c:dusts/netherite' -> [eternalores:netherite_dust]
[13:00:15.259] [INFO]: [AutoHiding] Hiding 4/5 items for tag '#c:dusts/copper' -> [enderio:powdered_copper, mekanism:dust_copper, gtceu:copper_dust, eternalores:copper_dust]
[13:00:15.259] [INFO]: [AutoHiding] Hiding 2/3 items for tag '#c:dusts/nickel' -> [gtceu:nickel_dust, eternalores:nickel_dust]
[13:00:15.259] [INFO]: [AutoHiding] Hiding 1/2 items for tag '#c:gems/fluorite' -> [eternalores:fluorite]
[13:00:15.259] [INFO]: [AutoHiding] Hiding 1/2 items for tag '#c:plates/uranium' -> [eternalores:plate_uranium]
[13:00:15.259] [INFO]: [AutoHiding] Hiding 2/3 items for tag '#c:storage_blocks/raw_nickel' -> [gtceu:raw_nickel_block, eternalores:raw_nickel_block]
[13:00:15.260] [INFO]: [AutoHiding] Hiding 2/3 items for tag '#c:storage_blocks/tin' -> [eternalores:tin_block, gtceu:tin_block]
[13:00:15.260] [INFO]: [AutoHiding] Hiding 1/2 items for tag '#c:storage_blocks/raw_aluminum' -> [eternalores:raw_aluminum_block]
[13:00:15.260] [INFO]: [AutoHiding] Hiding 1/2 items for tag '#c:plates/constantan' -> [eternalores:plate_constantan]
[13:00:15.260] [INFO]: [AutoHiding] Hiding 1/2 items for tag '#c:storage_blocks/constantan' -> [eternalores:constantan_block]
[13:00:15.260] [INFO]: [AutoHiding] Hiding 2/3 items for tag '#c:plates/nickel' -> [gtceu:nickel_plate, eternalores:plate_nickel]
[13:00:15.260] [INFO]: [AutoHiding] Hiding 2/3 items for tag '#c:plates/electrum' -> [eternalores:plate_electrum, gtceu:electrum_plate]
[13:00:15.260] [INFO]: [AutoHiding] Hiding 2/3 items for tag '#c:storage_blocks/raw_uranium' -> [mekanism:block_raw_uranium, eternalores:raw_uranium_block]
[13:00:15.260] [INFO]: [AutoHiding] Hiding 3/4 items for tag '#c:ingots/nickel' -> [just_bees:nickel_ingot, eternalores:nickel_ingot, gtceu:nickel_ingot]
[13:00:15.260] [INFO]: [AutoHiding] Hiding 1/2 items for tag '#c:rods/aluminum' -> [eternalores:rod_aluminum]
[13:00:15.261] [INFO]: [AutoHiding] Hiding 1/2 items for tag '#c:raw_materials/osmium' -> [eternalores:raw_osmium]
[13:00:15.261] [INFO]: [AutoHiding] Hiding 1/2 items for tag '#c:nuggets/netherite' -> [eternalores:netherite_nugget]
[13:00:15.261] [INFO]: [AutoHiding] Hiding 3/4 items for tag '#c:nuggets/lead' -> [mekanism:nugget_lead, eternalores:lead_nugget, gtceu:lead_nugget]
[13:00:15.261] [INFO]: [AutoHiding] Hiding 1/2 items for tag '#c:dusts/aluminum' -> [eternalores:aluminum_dust]
[13:00:15.261] [INFO]: [AutoHiding] Hiding 5/7 items for tag '#c:ores/uranium' -> [bigreactors:yellorite_ore, mekanism:deepslate_uranium_ore, mekanism:uranium_ore, eternalores:deepslate_uranium_ore_block, eternalores:uranium_ore_block]
[13:00:15.261] [INFO]: [AutoHiding] Hiding 1/2 items for tag '#c:storage_blocks/fluorite' -> [eternalores:fluorite_block]
[13:00:15.262] [INFO]: [AutoHiding] Hiding 3/4 items for tag '#c:dusts/sulfur' -> [mekanism:dust_sulfur, eternalores:sulfur_dust, gtceu:sulfur_dust]
[13:00:15.262] [INFO]: [AutoHiding] Hiding 2/3 items for tag '#c:raw_materials/tin' -> [eternalores:raw_tin, gtceu:raw_tin]
[13:00:15.262] [INFO]: [AutoHiding] Hiding 1/2 items for tag '#c:storage_blocks/raw_osmium' -> [eternalores:raw_osmium_block]
[13:00:15.262] [INFO]: [AutoHiding] Hiding 12/19 items for tag '#c:ores/silver' -> [eternalores:silver_ore_block, gtceu:sand_silver_ore, gtceu:endstone_silver_ore, gtceu:deepslate_silver_ore, gtceu:blackstone_silver_ore, gtceu:tuff_silver_ore, gtceu:gravel_silver_ore, gtceu:basalt_silver_ore, gtceu:silver_ore, gtceu:marble_silver_ore, eternalores:deepslate_silver_ore_block, gtceu:red_sand_silver_ore]
[13:00:15.262] [INFO]: [AutoHiding] Hiding 2/3 items for tag '#c:plates/silver' -> [gtceu:silver_plate, eternalores:plate_silver]
[13:00:15.263] [INFO]: [AutoHiding] Hiding 2/3 items for tag '#c:rods/iron' -> [gtceu:iron_rod, eternalores:rod_iron]
[13:00:15.263] [INFO]: [AutoHiding] Hiding 1/2 items for tag '#c:plates/aluminum' -> [eternalores:plate_aluminum]
[13:00:15.263] [INFO]: [AutoHiding] Hiding 2/3 items for tag '#c:storage_blocks/electrum' -> [eternalores:electrum_block, gtceu:electrum_block]
[13:00:15.263] [INFO]: [AutoHiding] Hiding 2/3 items for tag '#c:dusts/electrum' -> [eternalores:electrum_dust, gtceu:electrum_dust]
[13:00:15.263] [INFO]: [AutoHiding] Hiding 2/3 items for tag '#c:dusts/bronze' -> [gtceu:bronze_dust, eternalores:bronze_dust]
[13:00:15.263] [INFO]: [AutoHiding] Hiding 10/17 items for tag '#c:ores/emerald' -> [gtceu:sand_emerald_ore, gtceu:tuff_emerald_ore, gtceu:deepslate_emerald_ore, gtceu:basalt_emerald_ore, gtceu:endstone_emerald_ore, gtceu:blackstone_emerald_ore, gtceu:marble_emerald_ore, gtceu:gravel_emerald_ore, gtceu:emerald_ore, gtceu:red_sand_emerald_ore]
[13:00:15.263] [INFO]: [AutoHiding] Hiding 1/2 items for tag '#c:dusts/fluorite' -> [eternalores:fluorite_dust]
[13:00:15.263] [INFO]: [AutoHiding] Hiding 2/3 items for tag '#c:ingots/constantan' -> [just_bees:constantan_ingot, eternalores:constantan_ingot]
[13:00:15.264] [INFO]: [AutoHiding] Hiding 1/2 items for tag '#c:nuggets/silver' -> [gtceu:silver_nugget]
[13:00:15.264] [INFO]: [AutoHiding] Hiding 3/4 items for tag '#c:storage_blocks/lead' -> [eternalores:lead_block, gtceu:lead_block, mekanism:block_lead]
[13:00:15.264] [INFO]: [AutoHiding] Hiding 2/3 items for tag '#c:storage_blocks/raw_silver' -> [gtceu:raw_silver_block, eternalores:raw_silver_block]
[13:00:15.264] [INFO]: [AutoHiding] Hiding 2/4 items for tag '#c:ores/osmium' -> [eternalores:osmium_ore_block, eternalores:deepslate_osmium_ore_block]
[13:00:15.265] [INFO]: [AutoHiding] Hiding 12/19 items for tag '#c:ores/tin' -> [eternalores:tin_ore_block, gtceu:endstone_tin_ore, gtceu:tuff_tin_ore, gtceu:deepslate_tin_ore, gtceu:red_sand_tin_ore, gtceu:gravel_tin_ore, gtceu:blackstone_tin_ore, eternalores:deepslate_tin_ore_block, gtceu:basalt_tin_ore, gtceu:marble_tin_ore, gtceu:tin_ore, gtceu:sand_tin_ore]
[13:00:15.265] [INFO]: [AutoHiding] Hiding 3/4 items for tag '#c:dusts/tin' -> [eternalores:tin_dust, gtceu:tin_dust, enderio:powdered_tin]
[13:00:15.265] [INFO]: [AutoHiding] Hiding 2/3 items for tag '#c:raw_materials/nickel' -> [gtceu:raw_nickel, eternalores:raw_nickel]
[13:00:15.265] [INFO]: [AutoHiding] Hiding 11/18 items for tag '#c:ores/gold' -> [gtceu:blackstone_gold_ore, gtceu:marble_gold_ore, gtceu:sand_gold_ore, gtceu:gravel_gold_ore, gtceu:tuff_gold_ore, gtceu:red_sand_gold_ore, gtceu:endstone_gold_ore, gtceu:gold_ore, gtceu:basalt_gold_ore, gtceu:deepslate_gold_ore, gtceu:netherrack_gold_ore]
[13:00:15.265] [INFO]: [AutoHiding] Hiding 3/4 items for tag '#c:dusts/lead' -> [gtceu:lead_dust, eternalores:lead_dust, mekanism:dust_lead]
[13:00:15.266] [INFO]: [AutoHiding] Hiding 3/4 items for tag '#c:dusts/obsidian' -> [gtceu:obsidian_dust, enderio:powdered_obsidian, eternalores:obsidian_dust]
[13:00:15.266] [INFO]: [AutoHiding] Hiding 2/3 items for tag '#c:storage_blocks/silver' -> [eternalores:silver_block, gtceu:silver_block]
[13:00:15.266] [INFO]: [AutoHiding] Hiding 2/3 items for tag '#c:plates/gold' -> [eternalores:plate_gold, gtceu:gold_plate]
[13:00:15.266] [INFO]: [AutoHiding] Hiding 2/3 items for tag '#c:nuggets/osmium' -> [eternalores:osmium_nugget, gtceu:osmium_nugget]
[13:00:15.266] [INFO]: [AutoHiding] Hiding 2/3 items for tag '#c:rods/steel' -> [gtceu:steel_rod, eternalores:rod_steel]
[13:00:15.266] [INFO]: [AutoHiding] Hiding 2/3 items for tag '#c:ingots/bronze' -> [eternalores:bronze_ingot, gtceu:bronze_ingot]
[13:00:15.266] [INFO]: [AutoHiding] Hiding 3/4 items for tag '#c:nuggets/steel' -> [eternalores:steel_nugget, mekanism:nugget_steel, gtceu:steel_nugget]
[13:00:15.266] [INFO]: [AutoHiding] Hiding 2/3 items for tag '#c:raw_materials/silver' -> [gtceu:raw_silver, eternalores:raw_silver]
[13:00:15.267] [INFO]: [AutoHiding] Hiding 1/2 items for tag '#c:nuggets/aluminum' -> [eternalores:aluminum_nugget]
[13:00:15.267] [INFO]: [AutoHiding] Hiding 2/3 items for tag '#c:storage_blocks/bronze' -> [gtceu:bronze_block, eternalores:bronze_block]
[13:00:15.267] [INFO]: [AutoHiding] Hiding 3/4 items for tag '#c:dusts/lapis' -> [eternalores:lapis_lazuli_dust, enderio:powdered_lapis_lazuli, gtceu:lapis_dust]
[13:00:15.267] [INFO]: [AutoHiding] Hiding 1/2 items for tag '#c:storage_blocks/aluminum' -> [eternalores:aluminum_block]
[13:00:15.267] [INFO]: [AutoHiding] Hiding 3/4 items for tag '#c:storage_blocks/steel' -> [eternalores:steel_block, gtceu:steel_block, mekanism:block_steel]
[13:00:15.267] [INFO]: [AutoHiding] Hiding 3/4 items for tag '#c:ingots/osmium' -> [gtceu:osmium_ingot, eternalores:osmium_ingot, just_bees:osmium_ingot]
[13:00:15.267] [INFO]: [AutoHiding] Hiding 2/4 items for tag '#c:ores/fluorite' -> [eternalores:fluorite_ore_block, eternalores:deepslate_fluorite_ore_block]
[13:00:17.485] [INFO]: Loading config 'duplicates.json'.
[13:00:17.495] [INFO]: Recipe count: 52258
[13:00:17.501] [WARN]: Could not detect recipe type for recipe 'mysticalagriculture:tertium_essence', skipping.
[13:00:17.508] [WARN]: Could not detect recipe type for recipe 'mysticalagriculture:master_infusion_crystal', skipping.
[13:00:17.511] [WARN]: Could not detect recipe type for recipe 'mysticalagriculture:infusion_crystal', skipping.
[13:00:17.520] [WARN]: Could not detect recipe type for recipe 'mysticalagriculture:supremium_essence', skipping.
[13:00:17.522] [WARN]: Could not detect recipe type for recipe 'mysticalagriculture:prudentium_essence', skipping.
[13:00:17.526] [WARN]: Could not detect recipe type for recipe 'mysticalagradditions:insanium_essence', skipping.
[13:00:17.528] [WARN]: Could not detect recipe type for recipe 'mysticalagriculture:imperium_essence', skipping.
[13:00:21.377] [INFO]: Recipe count afterwards: 52018 (done in 3.882 s)
